<?xml version="1.0" encoding="UTF-8" ?>
<testsuite errors="0" failures="0" hostname="cuent-ubuntu" name="ucuenca.edu.optii.ecu911.negocio.LlamarTest" skipped="0" tests="1" time="0.089" timestamp="2014-01-15T04:51:52">
  <properties>
    <property name="java.vendor" value="Oracle Corporation" />
    <property name="lib.dir" value="lib" />
    <property name="netbeans.user" value="/home/cuent/.netbeans/7.4" />
    <property name="sun.java.launcher" value="SUN_STANDARD" />
    <property name="sun.management.compiler" value="HotSpot 64-Bit Tiered Compilers" />
    <property name="netbeans.autoupdate.version" value="1.23" />
    <property name="os.name" value="Linux" />
    <property name="sun.boot.class.path" value="/home/cuent/jdk1.7.0_45/jre/lib/resources.jar:/home/cuent/jdk1.7.0_45/jre/lib/rt.jar:/home/cuent/jdk1.7.0_45/jre/lib/sunrsasign.jar:/home/cuent/jdk1.7.0_45/jre/lib/jsse.jar:/home/cuent/jdk1.7.0_45/jre/lib/jce.jar:/home/cuent/jdk1.7.0_45/jre/lib/charsets.jar:/home/cuent/jdk1.7.0_45/jre/lib/jfr.jar:/home/cuent/jdk1.7.0_45/jre/classes" />
    <property name="netbeans.importclass" value="org.netbeans.upgrade.AutoUpgrade" />
    <property name="sun.desktop" value="gnome" />
    <property name="java.vm.specification.vendor" value="Oracle Corporation" />
    <property name="ant.home" value="/home/cuent/netbeans-7.4/extide/ant" />
    <property name="jar.dir" value="build" />
    <property name="java.runtime.version" value="1.7.0_45-b18" />
    <property name="netbeans.default_userdir_root" value="/home/cuent/.netbeans" />
    <property name="netbeans.accept_license_class" value="org.netbeans.license.AcceptLicense" />
    <property name="user.name" value="cuent" />
    <property name="build.dir" value="build" />
    <property name="nb.show.statistics.ui" value="usageStatisticsEnabled" />
    <property name="netbeans.running.environment" value="gnome" />
    <property name="ant.file.type.build" value="file" />
    <property name="svnkit.http.methods" value="Basic" />
    <property name="user.language" value="es" />
    <property name="sun.boot.library.path" value="/home/cuent/jdk1.7.0_45/jre/lib/amd64" />
    <property name="ant.file.build" value="/home/cuent/NetBeansProjects/trunk/ECU 911 - Final OPT_Componentes/build-ant-v.xml" />
    <property name="nb.native.filechooser" value="false" />
    <property name="ant.project.default-target" value="main" />
    <property name="org.openide.awt.ActionReference.completion" value="org.netbeans.modules.apisupport.project.layers.PathCompletions" />
    <property name="ant.project.name" value="build" />
    <property name="java.version" value="1.7.0_45" />
    <property name="sun.java2d.dpiaware" value="true" />
    <property name="user.timezone" value="" />
    <property name="sun.arch.data.model" value="64" />
    <property name="http.nonProxyHosts" value="localhost|127.0.0.1|cuent-ubuntu" />
    <property name="java.endorsed.dirs" value="/home/cuent/jdk1.7.0_45/jre/lib/endorsed" />
    <property name="sun.cpu.isalist" value="" />
    <property name="netbeans.productversion" value="NetBeans IDE 7.4 (Build 201310111528)" />
    <property name="sun.jnu.encoding" value="UTF-8" />
    <property name="file.encoding.pkg" value="sun.io" />
    <property name="file.separator" value="/" />
    <property name="java.specification.name" value="Java Platform API Specification" />
    <property name="classes.dir" value="build/classes" />
    <property name="java.class.version" value="51.0" />
    <property name="user.country" value="ES" />
    <property name="java.home" value="/home/cuent/jdk1.7.0_45/jre" />
    <property name="netbeans.buildnumber" value="201310111528" />
    <property name="java.vm.info" value="mixed mode" />
    <property name="org.openide.version" value="deprecated" />
    <property name="ant.file" value="/home/cuent/NetBeansProjects/trunk/ECU 911 - Final OPT_Componentes/build-ant-v.xml" />
    <property name="os.version" value="3.8.0-35-generic" />
    <property name="netbeans.hash.code" value="unique=NBJDK_EXTIDE_JAVA_JDK0d3aba0f4-9368-4ff4-b1af-430e69c62e83_4422a160-61ee-450b-b348-9c908f5288f5" />
    <property name="netbeans.autoupdate.country" value="ES" />
    <property name="sun.font.fontmanager" value="sun.awt.X11FontManager" />
    <property name="https.nonProxyHosts" value="localhost|127.0.0.1|cuent-ubuntu" />
    <property name="path.separator" value=":" />
    <property name="java.vm.version" value="24.45-b08" />
    <property name="netbeans.dynamic.classpath" value="/home/cuent/netbeans-7.4/platform/core/org-openide-filesystems.jar:/home/cuent/netbeans-7.4/platform/core/core.jar:/home/cuent/netbeans-7.4/platform/core/locale/core_ja.jar:/home/cuent/netbeans-7.4/platform/core/locale/org-openide-filesystems_ru.jar:/home/cuent/netbeans-7.4/platform/core/locale/core_zh_CN.jar:/home/cuent/netbeans-7.4/platform/core/locale/core_pt_BR.jar:/home/cuent/netbeans-7.4/platform/core/locale/org-openide-filesystems_ja.jar:/home/cuent/netbeans-7.4/platform/core/locale/org-openide-filesystems_pt_BR.jar:/home/cuent/netbeans-7.4/platform/core/locale/org-openide-filesystems_zh_CN.jar:/home/cuent/netbeans-7.4/platform/core/locale/core_ru.jar:/home/cuent/netbeans-7.4/nb/core/org-netbeans-upgrader.jar:/home/cuent/netbeans-7.4/nb/core/locale/core_nb_zh_CN.jar:/home/cuent/netbeans-7.4/nb/core/locale/org-netbeans-upgrader_zh_CN.jar:/home/cuent/netbeans-7.4/nb/core/locale/org-netbeans-upgrader_pt_BR.jar:/home/cuent/netbeans-7.4/nb/core/locale/org-netbeans-upgrader_ja.jar:/home/cuent/netbeans-7.4/nb/core/locale/core_nb_pt_BR.jar:/home/cuent/netbeans-7.4/nb/core/locale/core_nb_ru.jar:/home/cuent/netbeans-7.4/nb/core/locale/org-netbeans-upgrader_ru.jar:/home/cuent/netbeans-7.4/nb/core/locale/core_nb.jar:/home/cuent/netbeans-7.4/nb/core/locale/core_nb_ja.jar" />
    <property name="jna.boot.library.name" value="jnidispatch-340" />
    <property name="sun.awt.enableExtraMouseButtons" value="true" />
    <property name="java.awt.printerjob" value="sun.print.PSPrinterJob" />
    <property name="ant.junit.enabletestlistenerevents" value="true" />
    <property name="sun.io.unicode.encoding" value="UnicodeLittle" />
    <property name="awt.toolkit" value="sun.awt.X11.XToolkit" />
    <property name="netbeans.autoupdate.variant" value="" />
    <property name="org.openide.major.version" value="IDE/1" />
    <property name="user.home" value="/home/cuent" />
    <property name="netbeans.home" value="/home/cuent/netbeans-7.4/platform" />
    <property name="java.specification.vendor" value="Oracle Corporation" />
    <property name="apple.laf.useScreenMenuBar" value="true" />
    <property name="org.xml.sax.driver" value="com.sun.org.apache.xerces.internal.jaxp.SAXParserImpl$JAXPSAXParser" />
    <property name="test.dir" value="test" />
    <property name="java.vendor.url" value="http://java.oracle.com/" />
    <property name="java.library.path" value="/home/cuent/jdk1.7.0_45/jre/lib/amd64:/home/cuent/jdk1.7.0_45/jre/lib/i386::/usr/java/packages/lib/amd64:/usr/lib64:/lib64:/lib:/usr/lib" />
    <property name="java.vm.vendor" value="Oracle Corporation" />
    <property name="java.runtime.name" value="Java(TM) SE Runtime Environment" />
    <property name="ant.version" value="Apache Ant(TM) version 1.9.1 compiled on May 15 2013" />
    <property name="java.class.path" value="/home/cuent/NetBeansProjects/trunk/ECU 911 - Final OPT_Componentes/lib/junit.jar:/home/cuent/NetBeansProjects/trunk/ECU 911 - Final OPT_Componentes/build/classes:/home/cuent/NetBeansProjects/trunk/ECU 911 - Final OPT_Componentes/build/classes-tests:/home/cuent/sqllib/java/db2java.zip:/home/cuent/sqllib/function:/home/cuent/sqllib/java/db2jcc_license_cu.jar:/home/cuent/sqllib/tools/clpplus.jar:/home/cuent/sqllib/tools/jline-0.9.93.jar:/home/cuent/sqllib/java/db2jcc.jar:/home/cuent/NetBeansProjects/trunk/ECU 911 - Final OPT_Componentes:/home/cuent/netbeans-7.4/extide/ant/lib/ant-launcher.jar:/home/cuent/netbeans-7.4/extide/ant/lib/ant.jar:/home/cuent/netbeans-7.4/extide/ant/lib/ant-junit.jar:/home/cuent/netbeans-7.4/extide/ant/lib/ant-junit4.jar" />
    <property name="sun.java.command" value="org.apache.tools.ant.taskdefs.optional.junit.JUnitTestRunner ucuenca.edu.optii.ecu911.negocio.LlamarTest filtertrace=true haltOnError=false haltOnFailure=true formatter=org.apache.tools.ant.taskdefs.optional.junit.SummaryJUnitResultFormatter showoutput=false outputtoformatters=true logfailedtests=true logtestlistenerevents=true formatter=org.apache.tools.ant.taskdefs.optional.junit.XMLJUnitResultFormatter,/home/cuent/NetBeansProjects/trunk/ECU 911 - Final OPT_Componentes/test/reports/TEST-ucuenca.edu.optii.ecu911.negocio.LlamarTest.xml crashfile=/home/cuent/NetBeansProjects/trunk/ECU 911 - Final OPT_Componentes/junitvmwatcher8110263962971832421.properties propsfile=/home/cuent/NetBeansProjects/trunk/ECU 911 - Final OPT_Componentes/junit7582452115889346246.properties" />
    <property name="sun.java2d.noddraw" value="true" />
    <property name="java.vm.specification.name" value="Java Virtual Machine Specification" />
    <property name="jdk.home" value="/home/cuent/jdk1.7.0_45" />
    <property name="org.openide.specification.version" value="6.2" />
    <property name="java.vm.specification.version" value="1.7" />
    <property name="sun.cpu.endian" value="little" />
    <property name="sun.os.patch.level" value="unknown" />
    <property name="java.io.tmpdir" value="/tmp" />
    <property name="java.vendor.url.bug" value="http://bugreport.sun.com/bugreport/" />
    <property name="netbeans.dirs" value="/home/cuent/netbeans-7.4/nb:/home/cuent/netbeans-7.4/ergonomics:/home/cuent/netbeans-7.4/ide:/home/cuent/netbeans-7.4/extide:/home/cuent/netbeans-7.4/java:/home/cuent/netbeans-7.4/apisupport:/home/cuent/netbeans-7.4/webcommon:/home/cuent/netbeans-7.4/websvccommon:/home/cuent/netbeans-7.4/enterprise:/home/cuent/netbeans-7.4/mobility:/home/cuent/netbeans-7.4/profiler:/home/cuent/netbeans-7.4/python:/home/cuent/netbeans-7.4/php:/home/cuent/netbeans-7.4/identity:/home/cuent/netbeans-7.4/harness:/home/cuent/netbeans-7.4/cnd:/home/cuent/netbeans-7.4/dlight:/home/cuent/netbeans-7.4/groovy:/home/cuent/netbeans-7.4/extra:/home/cuent/netbeans-7.4/javacard:/home/cuent/netbeans-7.4/javafx:" />
    <property name="jna.platform.library.path" value="/usr/lib/x86_64-linux-gnu:/lib/x86_64-linux-gnu:/lib64:/usr/lib:/lib" />
    <property name="netbeans.autoupdate.language" value="es" />
    <property name="os.arch" value="amd64" />
    <property name="java.awt.graphicsenv" value="sun.awt.X11GraphicsEnvironment" />
    <property name="java.util.logging.config.class" value="org.netbeans.core.startup.TopLogging" />
    <property name="java.ext.dirs" value="/home/cuent/jdk1.7.0_45/jre/lib/ext:/usr/java/packages/lib/ext" />
    <property name="user.dir" value="/home/cuent" />
    <property name="build.compiler.emacs" value="true" />
    <property name="apple.awt.graphics.UseQuartz" value="true" />
    <property name="line.separator" value="&#xa;" />
    <property name="java.vm.name" value="Java HotSpot(TM) 64-Bit Server VM" />
    <property name="org.openide.awt.SwingBrowserImpl.do-not-block-awt" value="false" />
    <property name="basedir" value="/home/cuent/NetBeansProjects/trunk/ECU 911 - Final OPT_Componentes" />
    <property name="ant.java.version" value="1.7" />
    <property name="sun.awt.datatransfer.timeout" value="1000" />
    <property name="ant.core.lib" value="/home/cuent/netbeans-7.4/extide/ant/lib/ant.jar" />
    <property name="file.encoding" value="UTF-8" />
    <property name="java.specification.version" value="1.7" />
    <property name="src.dir" value="src" />
    <property name="ant.project.invoked-targets" value="main" />
  </properties>
  <testcase classname="ucuenca.edu.optii.ecu911.negocio.LlamarTest" name="testAlertar" time="0.011" />
  <system-out><![CDATA[alertar
]]></system-out>
  <system-err><![CDATA[]]></system-err>
</testsuite>
